<?xml version="1.0" encoding="UTF-8" ?>
<testsuite failures="1" time="17.821" errors="0" skipped="0" tests="3" name="junit.framework.TestSuite@5035135a">
  <properties>
    <property name="java.runtime.name" value="Java(TM) SE Runtime Environment"/>
    <property name="sun.boot.library.path" value="C:\Program Files\Java\jdk1.7.0_25\jre\bin"/>
    <property name="java.vm.version" value="23.25-b01"/>
    <property name="java.vm.vendor" value="Oracle Corporation"/>
    <property name="java.vendor.url" value="http://java.oracle.com/"/>
    <property name="path.separator" value=";"/>
    <property name="java.vm.name" value="Java HotSpot(TM) 64-Bit Server VM"/>
    <property name="file.encoding.pkg" value="sun.io"/>
    <property name="user.script" value=""/>
    <property name="user.country" value="RU"/>
    <property name="sun.java.launcher" value="SUN_STANDARD"/>
    <property name="sun.os.patch.level" value=""/>
    <property name="surefire.reports" value="C:\Users\Superman\Documents\Development\Git\hierarchyPath\hierarchypath\target\surefire-reports"/>
    <property name="java.vm.specification.name" value="Java Virtual Machine Specification"/>
    <property name="user.dir" value="C:\Users\Superman\Documents\Development\Git\hierarchyPath\hierarchypath"/>
    <property name="java.runtime.version" value="1.7.0_25-b17"/>
    <property name="java.awt.graphicsenv" value="sun.awt.Win32GraphicsEnvironment"/>
    <property name="java.endorsed.dirs" value="C:\Program Files\Java\jdk1.7.0_25\jre\lib\endorsed"/>
    <property name="os.arch" value="amd64"/>
    <property name="java.io.tmpdir" value="C:\Users\Superman\AppData\Local\Temp\"/>
    <property name="line.separator" value="
"/>
    <property name="java.vm.specification.vendor" value="Oracle Corporation"/>
    <property name="user.variant" value=""/>
    <property name="os.name" value="Windows 8"/>
    <property name="sun.jnu.encoding" value="Cp1251"/>
    <property name="java.library.path" value="C:\Program Files\Java\jdk1.7.0_25\jre\bin;C:\Windows\Sun\Java\bin;C:\Windows\system32;C:\Windows;C:\Program Files (x86)\JetBrains\IntelliJ IDEA Community Edition 12.1.6\bin\..\.\bin;C:\Program Files (x86)\PC Connectivity Solution\;C:\Windows\system32;C:\Windows;C:\Windows\System32\Wbem;C:\Windows\System32\WindowsPowerShell\v1.0\;C:\Program Files\Google\Google Apps Sync\;C:\Program Files\Google\Google Apps Migration\;C:\Program Files (x86)\Subversion\bin;C:\Program Files\TortoiseSVN\bin;C:\Program Files\Java\jdk1.7.0_25\bin;C:\Program Files (x86)\Windows Live\Shared;%MAVEN_PATH%\bin;C:\Program Files (x86)\OpenVPN\bin;C:\Program Files (x86)\maven\bin;;c:\program files (x86)\jetbrains\intellij idea community edition 12.1.6\jre\jre\bin;."/>
    <property name="gwt.args" value="-war C:\Users\Superman\Documents\Development\Git\hierarchyPath\hierarchypath\target/www-test -logLevel INFO -devMode -nocheckAssertions -XclusterFunctions -XcheckCasts -XclassMetadata -XcodeSplitting -nodraftCompile -XinlineLiteralParameters -XoptimizeDataflow -XordinalizeEnums -runStandardsMode -XremoveDuplicateFunctions -noshowUi -sourceLevel 1.7 -testBeginTimeout 1 -testMethodTimeout 5 -Xtries 1 -precompile simple -runStyle Manual:1"/>
    <property name="java.specification.name" value="Java Platform API Specification"/>
    <property name="java.class.version" value="51.0"/>
    <property name="sun.management.compiler" value="HotSpot 64-Bit Tiered Compilers"/>
    <property name="os.version" value="6.2"/>
    <property name="user.home" value="C:\Users\Superman"/>
    <property name="user.timezone" value="Europe/Moscow"/>
    <property name="java.awt.printerjob" value="sun.awt.windows.WPrinterJob"/>
    <property name="java.specification.version" value="1.7"/>
    <property name="file.encoding" value="Cp1251"/>
    <property name="user.name" value="Superman"/>
    <property name="java.class.path" value="C:\Users\Superman\Documents\Development\Git\hierarchyPath\hierarchypath\target\hierarchypath-1.0-SNAPSHOT\WEB-INF\classes;C:\Users\Superman\Documents\Development\Git\hierarchyPath\hierarchypath\src\main\java;C:\Users\Superman\Documents\Development\Git\hierarchyPath\hierarchypath\src\test\java;C:\Users\Superman\Documents\Development\Git\hierarchyPath\hierarchypath\src\test\resources;C:\Users\Superman\Documents\Development\Git\hierarchyPath\hierarchypath\target\test-classes;C:\Users\Superman\.m2\repository\com\google\gwt\gwt-servlet\2.6.1\gwt-servlet-2.6.1.jar;C:\Users\Superman\.m2\repository\com\google\gwt\gwt-user\2.6.1\gwt-user-2.6.1.jar;C:\Users\Superman\.m2\repository\org\json\json\20090211\json-20090211.jar;C:\Users\Superman\.m2\repository\junit\junit\4.7\junit-4.7.jar;C:\Users\Superman\.m2\repository\javax\validation\validation-api\1.0.0.GA\validation-api-1.0.0.GA.jar;C:\Users\Superman\.m2\repository\javax\validation\validation-api\1.0.0.GA\validation-api-1.0.0.GA-sources.jar;C:\Users\Superman\.m2\repository\org\codehaus\mojo\gwt-maven-plugin\2.6.1\gwt-maven-plugin-2.6.1.jar;C:\Users\Superman\.m2\repository\org\apache\maven\surefire\surefire-api\2.4.3\surefire-api-2.4.3.jar;C:\Users\Superman\.m2\repository\com\google\gwt\gwt-user\2.6.1\gwt-user-2.6.1.jar;C:\Users\Superman\.m2\repository\com\google\gwt\gwt-dev\2.6.1\gwt-dev-2.6.1.jar"/>
    <property name="build.compiler" value="com.google.gwt.dev.shell.jetty.JettyLauncher$JDTCompiler16"/>
    <property name="java.vm.specification.version" value="1.7"/>
    <property name="sun.arch.data.model" value="64"/>
    <property name="java.home" value="C:\Program Files\Java\jdk1.7.0_25\jre"/>
    <property name="sun.java.command" value="org.codehaus.mojo.gwt.test.MavenTestRunner com.alfrescodev.client.GwtTestApp"/>
    <property name="java.specification.vendor" value="Oracle Corporation"/>
    <property name="user.language" value="ru"/>
    <property name="awt.toolkit" value="sun.awt.windows.WToolkit"/>
    <property name="java.vm.info" value="mixed mode"/>
    <property name="org.eclipse.jetty.xml.XmlParser.Validating" value="false"/>
    <property name="java.version" value="1.7.0_25"/>
    <property name="java.ext.dirs" value="C:\Program Files\Java\jdk1.7.0_25\jre\lib\ext;C:\Windows\Sun\Java\lib\ext"/>
    <property name="sun.boot.class.path" value="C:\Program Files\Java\jdk1.7.0_25\jre\lib\resources.jar;C:\Program Files\Java\jdk1.7.0_25\jre\lib\rt.jar;C:\Program Files\Java\jdk1.7.0_25\jre\lib\sunrsasign.jar;C:\Program Files\Java\jdk1.7.0_25\jre\lib\jsse.jar;C:\Program Files\Java\jdk1.7.0_25\jre\lib\jce.jar;C:\Program Files\Java\jdk1.7.0_25\jre\lib\charsets.jar;C:\Program Files\Java\jdk1.7.0_25\jre\lib\jfr.jar;C:\Program Files\Java\jdk1.7.0_25\jre\classes"/>
    <property name="java.vendor" value="Oracle Corporation"/>
    <property name="file.separator" value="\"/>
    <property name="java.vendor.url.bug" value="http://bugreport.sun.com/bugreport/"/>
    <property name="sun.cpu.endian" value="little"/>
    <property name="sun.io.unicode.encoding" value="UnicodeLittle"/>
    <property name="sun.desktop" value="windows"/>
    <property name="sun.cpu.isalist" value="amd64"/>
  </properties>
  <testcase time="17.691" classname="com.alfrescodev.client.GwtTestApp" name="testHierarchy2"/>
  <testcase time="0.076" classname="com.alfrescodev.client.GwtTestApp" name="testHierarchy3Indexing">
    <failure message="expected: &lt;true&gt;, actual: &lt;false&gt;" type="junit.framework.AssertionFailedError">junit.framework.AssertionFailedError: expected: &lt;true&gt;, actual: &lt;false&gt;
	at junit.framework.Assert.fail(Assert.java:193)
	at junit.framework.Assert.failNotEquals(Assert.java:198)
	at junit.framework.Assert.assertEquals(Assert.java:111)
	at junit.framework.Assert.assertEquals(Assert.java:59)
	at junit.framework.Assert.assertEquals(Assert.java:23)
	at com.alfrescodev.client.GwtTestApp.testHierarchy3Indexing(GwtTestApp.java:212)
	at sun.reflect.NativeMethodAccessorImpl.invoke0(Native Method)
	at sun.reflect.NativeMethodAccessorImpl.invoke(NativeMethodAccessorImpl.java:57)
	at sun.reflect.DelegatingMethodAccessorImpl.invoke(DelegatingMethodAccessorImpl.java:43)
	at java.lang.reflect.Method.invoke(Method.java:606)
	at com.google.gwt.junit.client.impl.GWTTestAccessor.invoke(GWTTestAccessor.java:39)
	at com.google.gwt.junit.client.impl.GWTRunner.executeTestMethod(GWTRunner.java:266)
	at com.google.gwt.junit.client.GWTTestCase.doRunTest(GWTTestCase.java:150)
	at junit.framework.TestCase.runTest(TestCase.java:62)
	at com.google.gwt.junit.client.GWTTestCase.runBare(GWTTestCase.java:144)
	at com.google.gwt.junit.client.GWTTestCase.__doRunTest(GWTTestCase.java:109)
	at com.google.gwt.junit.client.impl.GWTRunner.runTest(GWTRunner.java:354)
	at com.google.gwt.junit.client.impl.GWTRunner.doRunTest(GWTRunner.java:287)
	at com.google.gwt.junit.client.impl.GWTRunner.access$11(GWTRunner.java:281)
	at com.google.gwt.junit.client.impl.GWTRunner$TestBlockListener.onSuccess(GWTRunner.java:105)
	at com.google.gwt.junit.client.impl.GWTRunner$TestBlockListener.onSuccess(GWTRunner.java:1)
	at com.google.gwt.user.client.rpc.impl.RequestCallbackAdapter.onResponseReceived(RequestCallbackAdapter.java:232)
	at com.google.gwt.http.client.Request.fireOnResponseReceived(Request.java:259)
	at com.google.gwt.http.client.RequestBuilder$1.onReadyStateChange(RequestBuilder.java:412)
	at sun.reflect.NativeMethodAccessorImpl.invoke0(Native Method)
	at sun.reflect.NativeMethodAccessorImpl.invoke(NativeMethodAccessorImpl.java:57)
	at sun.reflect.DelegatingMethodAccessorImpl.invoke(DelegatingMethodAccessorImpl.java:43)
	at java.lang.reflect.Method.invoke(Method.java:606)
	at com.google.gwt.dev.shell.MethodAdaptor.invoke(MethodAdaptor.java:103)
	at com.google.gwt.dev.shell.MethodDispatch.invoke(MethodDispatch.java:71)
	at com.google.gwt.dev.shell.OophmSessionHandler.invoke(OophmSessionHandler.java:172)
	at com.google.gwt.dev.shell.BrowserChannelServer.reactToMessagesWhileWaitingForReturn(BrowserChannelServer.java:338)
	at com.google.gwt.dev.shell.BrowserChannelServer.invokeJavascript(BrowserChannelServer.java:219)
	at com.google.gwt.dev.shell.ModuleSpaceOOPHM.doInvoke(ModuleSpaceOOPHM.java:136)
	at com.google.gwt.dev.shell.ModuleSpace.invokeNative(ModuleSpace.java:576)
	at com.google.gwt.dev.shell.ModuleSpace.invokeNativeObject(ModuleSpace.java:284)
	at com.google.gwt.dev.shell.JavaScriptHost.invokeNativeObject(JavaScriptHost.java:91)
	at com.google.gwt.core.client.impl.Impl.apply(Impl.java)
	at com.google.gwt.core.client.impl.Impl.entry0(Impl.java:363)
	at sun.reflect.NativeMethodAccessorImpl.invoke0(Native Method)
	at sun.reflect.NativeMethodAccessorImpl.invoke(NativeMethodAccessorImpl.java:57)
	at sun.reflect.DelegatingMethodAccessorImpl.invoke(DelegatingMethodAccessorImpl.java:43)
	at java.lang.reflect.Method.invoke(Method.java:606)
	at com.google.gwt.dev.shell.MethodAdaptor.invoke(MethodAdaptor.java:103)
	at com.google.gwt.dev.shell.MethodDispatch.invoke(MethodDispatch.java:71)
	at com.google.gwt.dev.shell.OophmSessionHandler.invoke(OophmSessionHandler.java:172)
	at com.google.gwt.dev.shell.BrowserChannelServer.reactToMessages(BrowserChannelServer.java:293)
	at com.google.gwt.dev.shell.BrowserChannelServer.processConnection(BrowserChannelServer.java:547)
	at com.google.gwt.dev.shell.BrowserChannelServer.run(BrowserChannelServer.java:364)
	at java.lang.Thread.run(Thread.java:724)
</failure>
  </testcase>
  <testcase time="0.016" classname="com.alfrescodev.client.GwtTestApp" name="testHierarchy1"/>
</testsuite>